<?xml version="1.0" encoding="UTF-8"?>
<testng-results ignored="2" total="4" passed="2" failed="0" skipped="0">
  <reporter-output>
  </reporter-output>
  <suite started-at="2023-01-24T20:15:36 IST" name="Suite" finished-at="2023-01-24T20:15:53 IST" duration-ms="17457">
    <groups>
    </groups>
    <test started-at="2023-01-24T20:15:36 IST" name="Test" finished-at="2023-01-24T20:15:53 IST" duration-ms="17457">
      <class name="Practice.ParallelTesting">
        <test-method signature="Link1()[pri:0, instance:Practice.ParallelTesting@19bb07ed]" started-at="2023-01-24T20:15:36 IST" name="Link1" finished-at="2023-01-24T20:15:53 IST" duration-ms="17380" status="PASS">
          <reporter-output>
          </reporter-output>
        </test-method> <!-- Link1 -->
      </class> <!-- Practice.ParallelTesting -->
    </test> <!-- Test -->
    <test started-at="2023-01-24T20:15:36 IST" name="Test1" finished-at="2023-01-24T20:15:53 IST" duration-ms="17457">
      <class name="Practice.ParallelTesting">
        <test-method signature="Link()[pri:0, instance:Practice.ParallelTesting@498d318c]" started-at="2023-01-24T20:15:36 IST" name="Link" finished-at="2023-01-24T20:15:53 IST" duration-ms="17380" status="PASS">
          <reporter-output>
          </reporter-output>
        </test-method> <!-- Link -->
      </class> <!-- Practice.ParallelTesting -->
    </test> <!-- Test1 -->
  </suite> <!-- Suite -->
</testng-results>
