<?xml version="1.0" encoding="UTF-8"?>
<!-- Generated by org.testng.reporters.JUnitXMLReporter -->
<testsuite ignored="0" hostname="DESKTOP-Q6AMT1E" failures="1" tests="1" name="Test2" time="0.122" errors="0" timestamp="2023-01-09T11:58:43 IST">
  <testcase classname="CrossBrowserTesting.Test1" name="facebooklogin" time="0.11">
    <failure type="org.openqa.selenium.SessionNotCreatedException" message="Could not start a new session. Possible causes are invalid address of the remote server or browser start-up failure. 
Host info: host: &amp;apos;DESKTOP-Q6AMT1E&amp;apos;, ip: &amp;apos;192.168.1.7&amp;apos;">
      <![CDATA[org.openqa.selenium.SessionNotCreatedException: Could not start a new session. Possible causes are invalid address of the remote server or browser start-up failure. 
Host info: host: 'DESKTOP-Q6AMT1E', ip: '192.168.1.7'
at org.openqa.selenium.remote.RemoteWebDriver.execute(RemoteWebDriver.java:565)
at org.openqa.selenium.remote.RemoteWebDriver.startSession(RemoteWebDriver.java:242)
at org.openqa.selenium.remote.RemoteWebDriver.<init>(RemoteWebDriver.java:157)
at org.openqa.selenium.firefox.FirefoxDriver.<init>(FirefoxDriver.java:110)
at org.openqa.selenium.firefox.FirefoxDriver.<init>(FirefoxDriver.java:98)
at org.openqa.selenium.firefox.FirefoxDriver.<init>(FirefoxDriver.java:94)
at CrossBrowserTesting.Test1.facebooklogin(Test1.java:37)
at java.base/java.util.ArrayList.forEach(ArrayList.java:1511)
Caused by: org.openqa.selenium.WebDriverException: Driver server process died prematurely.
Build info: version: '4.5.0', revision: 'fe167b119a'
System info: os.name: 'Windows 10', os.arch: 'amd64', os.version: '10.0', java.version: '18.0.2'
Driver info: driver.version: FirefoxDriver
at org.openqa.selenium.remote.service.DriverService.start(DriverService.java:226)
at org.openqa.selenium.remote.service.DriverCommandExecutor.execute(DriverCommandExecutor.java:98)
at org.openqa.selenium.remote.RemoteWebDriver.execute(RemoteWebDriver.java:547)
... 32 more
... Removed 25 stack frames]]>
    </failure>
  </testcase> <!-- facebooklogin -->
</testsuite> <!-- Test2 -->
