<?xml version="1.0" encoding="UTF-8"?>
<!-- Generated by org.testng.reporters.JUnitXMLReporter -->
<testsuite ignored="1" hostname="DESKTOP-Q6AMT1E" failures="0" tests="2" name="Test" time="152.623" errors="0" timestamp="2023-01-09T16:42:57 IST">
  <testcase classname="TestNGKeywords.IncludeExcludeTestCase" name="SetUp" time="34.56"/>
  <testcase classname="TestNGKeywords.IncludeExcludeTestCase" name="HomePage" time="117.816"/>
  <testcase classname="TestNGKeywords.IncludeExcludeTestCase" name="Users" time="0.0">
    <ignored/>
  </testcase> <!-- Users -->
</testsuite> <!-- Test -->
