<?xml version="1.0" encoding="UTF-8"?>
<!-- Generated by org.testng.reporters.JUnitXMLReporter -->
<testsuite ignored="4" hostname="DESKTOP-Q6AMT1E" failures="0" tests="1" name="Test3" time="26.144" errors="0" timestamp="2023-01-15T20:47:04 IST">
  <testcase classname="Practice.clss5" name="Addtocart" time="9.849"/>
  <testcase classname="Practice.clss5" name="About" time="0.0">
    <ignored/>
  </testcase> <!-- About -->
  <testcase classname="Practice.clss5" name="List" time="0.0">
    <ignored/>
  </testcase> <!-- List -->
  <testcase classname="Practice.clss5" name="Brokenlink" time="0.0">
    <ignored/>
  </testcase> <!-- Brokenlink -->
  <testcase classname="Practice.clss5" name="Login" time="0.0">
    <ignored/>
  </testcase> <!-- Login -->
</testsuite> <!-- Test3 -->
