<?xml version="1.0" encoding="UTF-8"?>
<!-- Generated by org.testng.reporters.JUnitXMLReporter -->
<testsuite ignored="4" hostname="DESKTOP-Q6AMT1E" failures="0" tests="1" name="Test4" time="42.241" errors="0" timestamp="2023-01-15T20:47:20 IST">
  <testcase classname="Practice.clss5" name="Brokenlink" time="24.81"/>
  <testcase classname="Practice.clss5" name="About" time="0.0">
    <ignored/>
  </testcase> <!-- About -->
  <testcase classname="Practice.clss5" name="List" time="0.0">
    <ignored/>
  </testcase> <!-- List -->
  <testcase classname="Practice.clss5" name="Addtocart" time="0.0">
    <ignored/>
  </testcase> <!-- Addtocart -->
  <testcase classname="Practice.clss5" name="Login" time="0.0">
    <ignored/>
  </testcase> <!-- Login -->
</testsuite> <!-- Test4 -->
